Line # 1 of Players CSV file was not imported. Team didn't pass the validation test.
Line # 2 of Players CSV file was not imported. Team didn't pass the validation test.
Line # 3 of Players CSV file was not imported. Team didn't pass the validation test.
Line # 4 of Players CSV file was not imported. Team didn't pass the validation test.
Line # 5 of Players CSV file was not imported. Team didn't pass the validation test.
Line # 6 of Players CSV file was not imported. Team didn't pass the validation test.
Line # 7 of Players CSV file was not imported. Team didn't pass the validation test.
Line # 8 of Players CSV file was not imported. Team didn't pass the validation test.
Line # 9 of Players CSV file was not imported. Team didn't pass the validation test.
Line # 10 of Players CSV file was not imported. Team didn't pass the validation test.
Line # 11 of Players CSV file was not imported. Team didn't pass the validation test.
Line # 12 of Players CSV file was not imported. Team didn't pass the validation test.
Line # 13 of Players CSV file was not imported. Team didn't pass the validation test.
Line # 14 of Players CSV file was not imported. Team didn't pass the validation test.
Line # 15 of Players CSV file was not imported. Team didn't pass the validation test.
Line # 16 of Players CSV file was not imported. Team didn't pass the validation test.
Line # 17 of Players CSV file was not imported. Team didn't pass the validation test.
Line # 18 of Players CSV file was not imported. Team didn't pass the validation test.
Line # 19 of Players CSV file was not imported. Team didn't pass the validation test.
Line # 20 of Players CSV file was not imported. Team didn't pass the validation test.
Line # 21 of Players CSV file was not imported. Team didn't pass the validation test.
Line # 22 of Players CSV file was not imported. Team didn't pass the validation test.
Line # 23 of Players CSV file was not imported. Team didn't pass the validation test.
Line # 24 of Players CSV file was not imported. Team didn't pass the validation test.
Line # 25 of Players CSV file was not imported. Team didn't pass the validation test.
Line # 26 of Players CSV file was not imported. Team didn't pass the validation test.
Line # 27 of Players CSV file was not imported. Team didn't pass the validation test.
Line # 28 of Players CSV file was not imported. Team didn't pass the validation test.
Line # 29 of Players CSV file was not imported. Team didn't pass the validation test.
Line # 30 of Players CSV file was not imported. Team didn't pass the validation test.
Line # 31 of Players CSV file was not imported. Team didn't pass the validation test.
Line # 32 of Players CSV file was not imported. Team didn't pass the validation test.
Line # 33 of Players CSV file was not imported. Team didn't pass the validation test.
Line # 34 of Players CSV file was not imported. Team didn't pass the validation test.
Line # 35 of Players CSV file was not imported. Team didn't pass the validation test.
Line # 36 of Players CSV file was not imported. Team didn't pass the validation test.
Line # 37 of Players CSV file was not imported. Team didn't pass the validation test.
Line # 38 of Players CSV file was not imported. Team didn't pass the validation test.
Line # 39 of Players CSV file was not imported. Team didn't pass the validation test.
Line # 40 of Players CSV file was not imported. Team didn't pass the validation test.
Line # 41 of Players CSV file was not imported. Team didn't pass the validation test.
Line # 42 of Players CSV file was not imported. Team didn't pass the validation test.
Line # 43 of Players CSV file was not imported. Team didn't pass the validation test.
Line # 44 of Players CSV file was not imported. Team didn't pass the validation test.
Line # 45 of Players CSV file was not imported. Team didn't pass the validation test.
Line # 46 of Players CSV file was not imported. Team didn't pass the validation test.
Line # 47 of Players CSV file was not imported. Team didn't pass the validation test.
Line # 48 of Players CSV file was not imported. Team didn't pass the validation test.
Line # 49 of Players CSV file was not imported. Team didn't pass the validation test.
Line # 50 of Players CSV file was not imported. Team didn't pass the validation test.
Line # 51 of Players CSV file was not imported. Team didn't pass the validation test.
Line # 52 of Players CSV file was not imported. Team didn't pass the validation test.
Line # 53 of Players CSV file was not imported. Team didn't pass the validation test.
Line # 54 of Players CSV file was not imported. Team didn't pass the validation test.
Line # 55 of Players CSV file was not imported. Team didn't pass the validation test.
Line # 56 of Players CSV file was not imported. Team didn't pass the validation test.
56 Player(s) on 56 were not assigned to team!
Line # 1 of Players CSV file was not imported. Team didn't pass the validation test.
Line # 2 of Players CSV file was not imported. Team didn't pass the validation test.
Line # 3 of Players CSV file was not imported. Team didn't pass the validation test.
Line # 4 of Players CSV file was not imported. Team didn't pass the validation test.
Line # 5 of Players CSV file was not imported. Team didn't pass the validation test.
Line # 6 of Players CSV file was not imported. Team didn't pass the validation test.
Line # 7 of Players CSV file was not imported. Team didn't pass the validation test.
Line # 8 of Players CSV file was not imported. Team didn't pass the validation test.
Line # 9 of Players CSV file was not imported. Team didn't pass the validation test.
Line # 10 of Players CSV file was not imported. Team didn't pass the validation test.
Line # 11 of Players CSV file was not imported. Team didn't pass the validation test.
Line # 12 of Players CSV file was not imported. Team didn't pass the validation test.
Line # 13 of Players CSV file was not imported. Team didn't pass the validation test.
Line # 14 of Players CSV file was not imported. Team didn't pass the validation test.
Line # 15 of Players CSV file was not imported. Team didn't pass the validation test.
Line # 16 of Players CSV file was not imported. Team didn't pass the validation test.
Line # 17 of Players CSV file was not imported. Team didn't pass the validation test.
Line # 18 of Players CSV file was not imported. Team didn't pass the validation test.
Line # 19 of Players CSV file was not imported. Team didn't pass the validation test.
Line # 20 of Players CSV file was not imported. Team didn't pass the validation test.
Line # 21 of Players CSV file was not imported. Team didn't pass the validation test.
Line # 22 of Players CSV file was not imported. Team didn't pass the validation test.
Line # 23 of Players CSV file was not imported. Team didn't pass the validation test.
Line # 24 of Players CSV file was not imported. Team didn't pass the validation test.
Line # 25 of Players CSV file was not imported. Team didn't pass the validation test.
Line # 26 of Players CSV file was not imported. Team didn't pass the validation test.
Line # 27 of Players CSV file was not imported. Team didn't pass the validation test.
Line # 28 of Players CSV file was not imported. Team didn't pass the validation test.
Line # 29 of Players CSV file was not imported. Team didn't pass the validation test.
Line # 30 of Players CSV file was not imported. Team didn't pass the validation test.
Line # 31 of Players CSV file was not imported. Team didn't pass the validation test.
Line # 32 of Players CSV file was not imported. Team didn't pass the validation test.
Line # 33 of Players CSV file was not imported. Team didn't pass the validation test.
Line # 34 of Players CSV file was not imported. Team didn't pass the validation test.
Line # 35 of Players CSV file was not imported. Team didn't pass the validation test.
Line # 36 of Players CSV file was not imported. Team didn't pass the validation test.
Line # 37 of Players CSV file was not imported. Team didn't pass the validation test.
Line # 38 of Players CSV file was not imported. Team didn't pass the validation test.
Line # 39 of Players CSV file was not imported. Team didn't pass the validation test.
Line # 40 of Players CSV file was not imported. Team didn't pass the validation test.
Line # 41 of Players CSV file was not imported. Team didn't pass the validation test.
Line # 42 of Players CSV file was not imported. Team didn't pass the validation test.
Line # 43 of Players CSV file was not imported. Team didn't pass the validation test.
Line # 44 of Players CSV file was not imported. Team didn't pass the validation test.
Line # 45 of Players CSV file was not imported. Team didn't pass the validation test.
Line # 46 of Players CSV file was not imported. Team didn't pass the validation test.
Line # 47 of Players CSV file was not imported. Team didn't pass the validation test.
Line # 48 of Players CSV file was not imported. Team didn't pass the validation test.
Line # 49 of Players CSV file was not imported. Team didn't pass the validation test.
Line # 50 of Players CSV file was not imported. Team didn't pass the validation test.
Line # 51 of Players CSV file was not imported. Team didn't pass the validation test.
Line # 52 of Players CSV file was not imported. Team didn't pass the validation test.
Line # 53 of Players CSV file was not imported. Team didn't pass the validation test.
Line # 54 of Players CSV file was not imported. Team didn't pass the validation test.
Line # 55 of Players CSV file was not imported. Team didn't pass the validation test.
Line # 56 of Players CSV file was not imported. Team didn't pass the validation test.
56 Player(s) on 56 were not assigned to team!
Line # 1 of Players CSV file was not imported. Team didn't pass the validation test.
Line # 2 of Players CSV file was not imported. Team didn't pass the validation test.
Line # 3 of Players CSV file was not imported. Team didn't pass the validation test.
Line # 4 of Players CSV file was not imported. Team didn't pass the validation test.
Line # 5 of Players CSV file was not imported. Team didn't pass the validation test.
Line # 6 of Players CSV file was not imported. Team didn't pass the validation test.
Line # 7 of Players CSV file was not imported. Team didn't pass the validation test.
Line # 8 of Players CSV file was not imported. Team didn't pass the validation test.
Line # 9 of Players CSV file was not imported. Team didn't pass the validation test.
Line # 10 of Players CSV file was not imported. Team didn't pass the validation test.
Line # 11 of Players CSV file was not imported. Team didn't pass the validation test.
Line # 12 of Players CSV file was not imported. Team didn't pass the validation test.
Line # 13 of Players CSV file was not imported. Team didn't pass the validation test.
Line # 14 of Players CSV file was not imported. Team didn't pass the validation test.
Line # 15 of Players CSV file was not imported. Team didn't pass the validation test.
Line # 16 of Players CSV file was not imported. Team didn't pass the validation test.
Line # 17 of Players CSV file was not imported. Team didn't pass the validation test.
Line # 18 of Players CSV file was not imported. Team didn't pass the validation test.
Line # 19 of Players CSV file was not imported. Team didn't pass the validation test.
Line # 20 of Players CSV file was not imported. Team didn't pass the validation test.
Line # 21 of Players CSV file was not imported. Team didn't pass the validation test.
Line # 22 of Players CSV file was not imported. Team didn't pass the validation test.
Line # 23 of Players CSV file was not imported. Team didn't pass the validation test.
Line # 24 of Players CSV file was not imported. Team didn't pass the validation test.
Line # 25 of Players CSV file was not imported. Team didn't pass the validation test.
Line # 26 of Players CSV file was not imported. Team didn't pass the validation test.
Line # 27 of Players CSV file was not imported. Team didn't pass the validation test.
Line # 28 of Players CSV file was not imported. Team didn't pass the validation test.
Line # 29 of Players CSV file was not imported. Team didn't pass the validation test.
Line # 30 of Players CSV file was not imported. Team didn't pass the validation test.
Line # 31 of Players CSV file was not imported. Team didn't pass the validation test.
Line # 32 of Players CSV file was not imported. Team didn't pass the validation test.
Line # 33 of Players CSV file was not imported. Team didn't pass the validation test.
Line # 34 of Players CSV file was not imported. Team didn't pass the validation test.
Line # 35 of Players CSV file was not imported. Team didn't pass the validation test.
Line # 36 of Players CSV file was not imported. Team didn't pass the validation test.
Line # 37 of Players CSV file was not imported. Team didn't pass the validation test.
Line # 38 of Players CSV file was not imported. Team didn't pass the validation test.
Line # 39 of Players CSV file was not imported. Team didn't pass the validation test.
Line # 40 of Players CSV file was not imported. Team didn't pass the validation test.
Line # 41 of Players CSV file was not imported. Team didn't pass the validation test.
Line # 42 of Players CSV file was not imported. Team didn't pass the validation test.
Line # 43 of Players CSV file was not imported. Team didn't pass the validation test.
Line # 44 of Players CSV file was not imported. Team didn't pass the validation test.
Line # 45 of Players CSV file was not imported. Team didn't pass the validation test.
Line # 46 of Players CSV file was not imported. Team didn't pass the validation test.
Line # 47 of Players CSV file was not imported. Team didn't pass the validation test.
Line # 48 of Players CSV file was not imported. Team didn't pass the validation test.
Line # 49 of Players CSV file was not imported. Team didn't pass the validation test.
Line # 50 of Players CSV file was not imported. Team didn't pass the validation test.
Line # 51 of Players CSV file was not imported. Team didn't pass the validation test.
Line # 52 of Players CSV file was not imported. Team didn't pass the validation test.
Line # 53 of Players CSV file was not imported. Team didn't pass the validation test.
Line # 54 of Players CSV file was not imported. Team didn't pass the validation test.
Line # 55 of Players CSV file was not imported. Team didn't pass the validation test.
Line # 56 of Players CSV file was not imported. Team didn't pass the validation test.
56 Player(s) on 56 were not assigned to team!
Line # 1 of Players CSV file was not imported. Team didn't pass the validation test.
Line # 2 of Players CSV file was not imported. Team didn't pass the validation test.
Line # 3 of Players CSV file was not imported. Team didn't pass the validation test.
Line # 4 of Players CSV file was not imported. Team didn't pass the validation test.
Line # 5 of Players CSV file was not imported. Team didn't pass the validation test.
Line # 6 of Players CSV file was not imported. Team didn't pass the validation test.
Line # 7 of Players CSV file was not imported. Team didn't pass the validation test.
Line # 8 of Players CSV file was not imported. Team didn't pass the validation test.
Line # 9 of Players CSV file was not imported. Team didn't pass the validation test.
Line # 10 of Players CSV file was not imported. Team didn't pass the validation test.
Line # 11 of Players CSV file was not imported. Team didn't pass the validation test.
Line # 12 of Players CSV file was not imported. Team didn't pass the validation test.
Line # 13 of Players CSV file was not imported. Team didn't pass the validation test.
Line # 14 of Players CSV file was not imported. Team didn't pass the validation test.
Line # 15 of Players CSV file was not imported. Team didn't pass the validation test.
Line # 16 of Players CSV file was not imported. Team didn't pass the validation test.
Line # 17 of Players CSV file was not imported. Team didn't pass the validation test.
Line # 18 of Players CSV file was not imported. Team didn't pass the validation test.
Line # 19 of Players CSV file was not imported. Team didn't pass the validation test.
Line # 20 of Players CSV file was not imported. Team didn't pass the validation test.
Line # 21 of Players CSV file was not imported. Team didn't pass the validation test.
Line # 22 of Players CSV file was not imported. Team didn't pass the validation test.
Line # 23 of Players CSV file was not imported. Team didn't pass the validation test.
Line # 24 of Players CSV file was not imported. Team didn't pass the validation test.
Line # 25 of Players CSV file was not imported. Team didn't pass the validation test.
Line # 26 of Players CSV file was not imported. Team didn't pass the validation test.
Line # 27 of Players CSV file was not imported. Team didn't pass the validation test.
Line # 28 of Players CSV file was not imported. Team didn't pass the validation test.
Line # 29 of Players CSV file was not imported. Team didn't pass the validation test.
Line # 30 of Players CSV file was not imported. Team didn't pass the validation test.
Line # 31 of Players CSV file was not imported. Team didn't pass the validation test.
Line # 32 of Players CSV file was not imported. Team didn't pass the validation test.
Line # 33 of Players CSV file was not imported. Team didn't pass the validation test.
33 Player(s) on 33 were not assigned to team!
V1 Players Import Done at 9/11/2019 12:04:06 PM
Line # 2 of Player CSV file was not imported. Name field didn't pass the validation test.
Line # 3 of Player CSV file was not imported. Name field didn't pass the validation test.
Line # 4 of Player CSV file was not imported. Name field didn't pass the validation test.
Line # 5 of Player CSV file was not imported. Name field didn't pass the validation test.
Line # 6 of Player CSV file was not imported. Position field didn't pass the validation test.
Line # 7 of Player CSV file was not imported. Name field didn't pass the validation test.
Line # 8 of Player CSV file was not imported. Name field didn't pass the validation test.
Line # 9 of Player CSV file was not imported. Name field didn't pass the validation test.
Line # 10 of Player CSV file was not imported. Name field didn't pass the validation test.
Line # 11 of Player CSV file was not imported. Name field didn't pass the validation test.
Line # 12 of Player CSV file was not imported. Name field didn't pass the validation test.
Line # 13 of Player CSV file was not imported. Name field didn't pass the validation test.
Line # 14 of Player CSV file was not imported. Name field didn't pass the validation test.
Line # 15 of Player CSV file was not imported. Name field didn't pass the validation test.
Line # 16 of Player CSV file was not imported. Name field didn't pass the validation test.
Line # 17 of Player CSV file was not imported. Name field didn't pass the validation test.
Line # 18 of Player CSV file was not imported. Name field didn't pass the validation test.
Line # 19 of Player CSV file was not imported. Name field didn't pass the validation test.
Line # 20 of Player CSV file was not imported. Name field didn't pass the validation test.
Line # 21 of Player CSV file was not imported. Name field didn't pass the validation test.
Line # 22 of Player CSV file was not imported. Name field didn't pass the validation test.
Line # 23 of Player CSV file was not imported. Position field didn't pass the validation test.
Line # 24 of Player CSV file was not imported. Name field didn't pass the validation test.
Line # 25 of Player CSV file was not imported. Name field didn't pass the validation test.
Line # 26 of Player CSV file was not imported. Name field didn't pass the validation test.
Line # 27 of Player CSV file was not imported. Name field didn't pass the validation test.
Line # 28 of Player CSV file was not imported. Name field didn't pass the validation test.
Line # 29 of Player CSV file was not imported. Position field didn't pass the validation test.
Line # 30 of Player CSV file was not imported. Name field didn't pass the validation test.
Line # 31 of Player CSV file was not imported. Name field didn't pass the validation test.
Line # 32 of Player CSV file was not imported. Name field didn't pass the validation test.
Line # 33 of Player CSV file was not imported. Name field didn't pass the validation test.
Line # 34 of Player CSV file was not imported. Position field didn't pass the validation test.
Line # 35 of Player CSV file was not imported. Name field didn't pass the validation test.
Line # 36 of Player CSV file was not imported. Name field didn't pass the validation test.
Line # 37 of Player CSV file was not imported. Name field didn't pass the validation test.
Line # 38 of Player CSV file was not imported. Name field didn't pass the validation test.
Line # 39 of Player CSV file was not imported. Name field didn't pass the validation test.
Line # 40 of Player CSV file was not imported. Name field didn't pass the validation test.
Line # 41 of Player CSV file was not imported. Name field didn't pass the validation test.
Line # 42 of Player CSV file was not imported. Name field didn't pass the validation test.
Line # 43 of Player CSV file was not imported. Name field didn't pass the validation test.
Line # 44 of Player CSV file was not imported. Name field didn't pass the validation test.
Line # 45 of Player CSV file was not imported. Name field didn't pass the validation test.
Line # 46 of Player CSV file was not imported. Name field didn't pass the validation test.
Line # 47 of Player CSV file was not imported. Name field didn't pass the validation test.
Line # 48 of Player CSV file was not imported. Name field didn't pass the validation test.
Line # 49 of Player CSV file was not imported. Name field didn't pass the validation test.
Line # 50 of Player CSV file was not imported. Name field didn't pass the validation test.
Line # 51 of Player CSV file was not imported. Position field didn't pass the validation test.
Line # 52 of Player CSV file was not imported. Name field didn't pass the validation test.
Line # 53 of Player CSV file was not imported. Name field didn't pass the validation test.
Line # 54 of Player CSV file was not imported. Name field didn't pass the validation test.
Line # 55 of Player CSV file was not imported. Name field didn't pass the validation test.
Line # 56 of Player CSV file was not imported. Name field didn't pass the validation test.
Line # 57 of Player CSV file was not imported. Age field didn't pass the validation test.
Line # 58 of Player CSV file was not imported. Name field didn't pass the validation test.
Line # 59 of Player CSV file was not imported. Name field didn't pass the validation test.
Line # 60 of Player CSV file was not imported. Name field didn't pass the validation test.
Line # 61 of Player CSV file was not imported. Name field didn't pass the validation test.
Line # 62 of Player CSV file was not imported. Position field didn't pass the validation test.
Line # 63 of Player CSV file was not imported. Name field didn't pass the validation test.
Line # 64 of Player CSV file was not imported. Name field didn't pass the validation test.
Line # 65 of Player CSV file was not imported. Name field didn't pass the validation test.
Line # 66 of Player CSV file was not imported. Name field didn't pass the validation test.
Line # 67 of Player CSV file was not imported. Name field didn't pass the validation test.
Line # 68 of Player CSV file was not imported. Name field didn't pass the validation test.
Line # 69 of Player CSV file was not imported. Name field didn't pass the validation test.
Line # 70 of Player CSV file was not imported. Name field didn't pass the validation test.
Line # 71 of Player CSV file was not imported. Name field didn't pass the validation test.
Line # 72 of Player CSV file was not imported. Name field didn't pass the validation test.
Line # 73 of Player CSV file was not imported. Name field didn't pass the validation test.
Line # 74 of Player CSV file was not imported. Name field didn't pass the validation test.
Line # 75 of Player CSV file was not imported. Name field didn't pass the validation test.
Line # 76 of Player CSV file was not imported. Name field didn't pass the validation test.
Line # 77 of Player CSV file was not imported. Name field didn't pass the validation test.
Line # 78 of Player CSV file was not imported. Unknown field didn't pass the validation test.
77 Player(s) on 77 were not imported correctly!
V2 Players Import Done at 9/11/2019 12:04:14 PM
Line # 19 of Player CSV file was not imported. MonthBorn field didn't pass the validation test.
Line # 20 of Player CSV file was not imported. MonthBorn field didn't pass the validation test.
Line # 21 of Player CSV file was not imported. MonthBorn field didn't pass the validation test.
V2 Players Import Done at 9/11/2019 12:05:10 PM
You have 2 players with the name Alex Winters
You have 2 players with the name Alexander Zajac
You have 2 players with the name Andrej Doskocil
You have 2 players with the name Aron Hernadivic
You have 2 players with the name Aviad Ratzon
You have 2 players with the name Barak Obrana
You have 2 players with the name Barret McCarthy
You have 2 players with the name Bernik Vrzala
You have 2 players with the name Boruvka Banananak
You have 2 players with the name Brady McIntyre
You have 2 players with the name Cameron Urbowicz
You have 2 players with the name Charlie Schieck
You have 2 players with the name Chris Partridge
You have 2 players with the name David Kastrba
You have 2 players with the name David Vent
You have 2 players with the name DeMaricus Smyth
You have 2 players with the name Dionyz Vyskoc
Line # 19 of Player CSV file was not imported. MonthBorn field didn't pass the validation test.
Line # 20 of Player CSV file was not imported. MonthBorn field didn't pass the validation test.
Line # 21 of Player CSV file was not imported. MonthBorn field didn't pass the validation test.
You have 2 players with the name Jakub Novak
Line # 26 of Player CSV file was not imported. MonthBorn field didn't pass the validation test.
Line # 27 of Player CSV file was not imported. MonthBorn field didn't pass the validation test.
Line # 29 of Player CSV file was not imported. Name field didn't pass the validation test.
Line # 33 of Player CSV file was not imported. MonthBorn field didn't pass the validation test.
Line # 41 of Player CSV file was not imported. MonthBorn field didn't pass the validation test.
Line # 50 of Player CSV file was not imported. MonthBorn field didn't pass the validation test.
You have 2 players with the name Johnny Yuma
Line # 63 of Player CSV file was not imported. MonthBorn field didn't pass the validation test.
Line # 64 of Player CSV file was not imported. MonthBorn field didn't pass the validation test.
30 Player(s) on 63 were not imported correctly!
V2 Players Import Done at 10/16/2019 2:32:08 PM
V2 Players Import Done at 10/16/2019 2:34:03 PM
You have 2 players with the name Alex Winters
You have 2 players with the name Alexander Zajac
You have 2 players with the name Andrej Doskocil
You have 2 players with the name Aron Hernadivic
You have 2 players with the name Aviad Ratzon
You have 2 players with the name Barak Obrana
You have 2 players with the name Barret McCarthy
You have 2 players with the name Bernik Vrzala
You have 2 players with the name Boruvka Banananak
You have 2 players with the name Brady McIntyre
You have 2 players with the name Cameron Urbowicz
You have 2 players with the name Charlie Schieck
You have 2 players with the name Chris Partridge
You have 2 players with the name David Kastrba
You have 2 players with the name David Vent
You have 2 players with the name DeMaricus Smyth
You have 2 players with the name Dionyz Vyskoc
You have 2 players with the name Filip Zadina
You have 2 players with the name Izem Abioye
You have 2 players with the name Jakob Hamr
You have 2 players with the name Jakub Novak
Line # 29 of Player CSV file was not imported. Name field didn't pass the validation test.
You have 2 players with the name Johnny Yuma
23 Player(s) on 63 were not imported correctly!
Line # 1 of Players CSV file was not imported. Team didn't pass the validation test.
Line # 2 of Players CSV file was not imported. Team didn't pass the validation test.
Line # 3 of Players CSV file was not imported. Team didn't pass the validation test.
Line # 4 of Players CSV file was not imported. Team didn't pass the validation test.
Line # 5 of Players CSV file was not imported. Team didn't pass the validation test.
Line # 6 of Players CSV file was not imported. Team didn't pass the validation test.
Line # 7 of Players CSV file was not imported. Team didn't pass the validation test.
Line # 8 of Players CSV file was not imported. Team didn't pass the validation test.
Line # 9 of Players CSV file was not imported. Team didn't pass the validation test.
Line # 10 of Players CSV file was not imported. Team didn't pass the validation test.
Line # 11 of Players CSV file was not imported. Team didn't pass the validation test.
Line # 12 of Players CSV file was not imported. Team didn't pass the validation test.
Line # 13 of Players CSV file was not imported. Team didn't pass the validation test.
Line # 14 of Players CSV file was not imported. Team didn't pass the validation test.
Line # 15 of Players CSV file was not imported. Team didn't pass the validation test.
Line # 16 of Players CSV file was not imported. Team didn't pass the validation test.
Line # 17 of Players CSV file was not imported. Team didn't pass the validation test.
Line # 18 of Players CSV file was not imported. Team didn't pass the validation test.
Line # 19 of Players CSV file was not imported. Team didn't pass the validation test.
Line # 20 of Players CSV file was not imported. Team didn't pass the validation test.
Line # 21 of Players CSV file was not imported. Team didn't pass the validation test.
Line # 22 of Players CSV file was not imported. Team didn't pass the validation test.
Line # 23 of Players CSV file was not imported. Team didn't pass the validation test.
Line # 24 of Players CSV file was not imported. Team didn't pass the validation test.
Line # 25 of Players CSV file was not imported. Team didn't pass the validation test.
Line # 26 of Players CSV file was not imported. Team didn't pass the validation test.
Line # 27 of Players CSV file was not imported. Team didn't pass the validation test.
Line # 28 of Players CSV file was not imported. Team didn't pass the validation test.
Line # 29 of Players CSV file was not imported. Team didn't pass the validation test.
Line # 30 of Players CSV file was not imported. Team didn't pass the validation test.
Line # 31 of Players CSV file was not imported. Team didn't pass the validation test.
Line # 32 of Players CSV file was not imported. Team didn't pass the validation test.
Line # 33 of Players CSV file was not imported. Team didn't pass the validation test.
Line # 34 of Players CSV file was not imported. Team didn't pass the validation test.
Line # 35 of Players CSV file was not imported. Team didn't pass the validation test.
Line # 36 of Players CSV file was not imported. Team didn't pass the validation test.
Line # 37 of Players CSV file was not imported. Team didn't pass the validation test.
Line # 38 of Players CSV file was not imported. Team didn't pass the validation test.
Line # 39 of Players CSV file was not imported. Team didn't pass the validation test.
Line # 40 of Players CSV file was not imported. Team didn't pass the validation test.
Line # 41 of Players CSV file was not imported. Team didn't pass the validation test.
Line # 42 of Players CSV file was not imported. Team didn't pass the validation test.
Line # 43 of Players CSV file was not imported. Team didn't pass the validation test.
Line # 44 of Players CSV file was not imported. Team didn't pass the validation test.
Line # 45 of Players CSV file was not imported. Team didn't pass the validation test.
Line # 46 of Players CSV file was not imported. Team didn't pass the validation test.
Line # 47 of Players CSV file was not imported. Team didn't pass the validation test.
Line # 48 of Players CSV file was not imported. Team didn't pass the validation test.
Line # 49 of Players CSV file was not imported. Team didn't pass the validation test.
Line # 50 of Players CSV file was not imported. Team didn't pass the validation test.
Line # 51 of Players CSV file was not imported. Team didn't pass the validation test.
Line # 52 of Players CSV file was not imported. Team didn't pass the validation test.
Line # 53 of Players CSV file was not imported. Team didn't pass the validation test.
Line # 54 of Players CSV file was not imported. Team didn't pass the validation test.
Line # 55 of Players CSV file was not imported. Team didn't pass the validation test.
Line # 56 of Players CSV file was not imported. Team didn't pass the validation test.
Line # 57 of Players CSV file was not imported. Team didn't pass the validation test.
Line # 58 of Players CSV file was not imported. Team didn't pass the validation test.
Line # 59 of Players CSV file was not imported. Team didn't pass the validation test.
Line # 60 of Players CSV file was not imported. Team didn't pass the validation test.
Line # 61 of Players CSV file was not imported. Team didn't pass the validation test.
Line # 62 of Players CSV file was not imported. Team didn't pass the validation test.
Line # 63 of Players CSV file was not imported. Team didn't pass the validation test.
Line # 64 of Players CSV file was not imported. Team didn't pass the validation test.
Line # 65 of Players CSV file was not imported. Team didn't pass the validation test.
Line # 66 of Players CSV file was not imported. Team didn't pass the validation test.
Line # 67 of Players CSV file was not imported. Team didn't pass the validation test.
Line # 68 of Players CSV file was not imported. Team didn't pass the validation test.
Line # 69 of Players CSV file was not imported. Team didn't pass the validation test.
Line # 70 of Players CSV file was not imported. Team didn't pass the validation test.
Line # 71 of Players CSV file was not imported. Team didn't pass the validation test.
Line # 72 of Players CSV file was not imported. Team didn't pass the validation test.
Line # 73 of Players CSV file was not imported. Team didn't pass the validation test.
Line # 74 of Players CSV file was not imported. Team didn't pass the validation test.
Line # 75 of Players CSV file was not imported. Team didn't pass the validation test.
Line # 76 of Players CSV file was not imported. Team didn't pass the validation test.
Line # 77 of Players CSV file was not imported. Team didn't pass the validation test.
Line # 78 of Players CSV file was not imported. Team didn't pass the validation test.
Line # 79 of Players CSV file was not imported. Team didn't pass the validation test.
Line # 80 of Players CSV file was not imported. Team didn't pass the validation test.
Line # 81 of Players CSV file was not imported. Team didn't pass the validation test.
Line # 82 of Players CSV file was not imported. Team didn't pass the validation test.
Line # 83 of Players CSV file was not imported. Team didn't pass the validation test.
Line # 84 of Players CSV file was not imported. Team didn't pass the validation test.
Line # 85 of Players CSV file was not imported. Team didn't pass the validation test.
Line # 86 of Players CSV file was not imported. Team didn't pass the validation test.
Line # 87 of Players CSV file was not imported. Team didn't pass the validation test.
Line # 88 of Players CSV file was not imported. Team didn't pass the validation test.
Line # 89 of Players CSV file was not imported. Team didn't pass the validation test.
Line # 90 of Players CSV file was not imported. Team didn't pass the validation test.
Line # 91 of Players CSV file was not imported. Team didn't pass the validation test.
Line # 92 of Players CSV file was not imported. Team didn't pass the validation test.
Line # 93 of Players CSV file was not imported. Team didn't pass the validation test.
Line # 94 of Players CSV file was not imported. Team didn't pass the validation test.
Line # 95 of Players CSV file was not imported. Team didn't pass the validation test.
Line # 96 of Players CSV file was not imported. Team didn't pass the validation test.
Line # 97 of Players CSV file was not imported. Team didn't pass the validation test.
Line # 98 of Players CSV file was not imported. Team didn't pass the validation test.
Line # 99 of Players CSV file was not imported. Team didn't pass the validation test.
Line # 100 of Players CSV file was not imported. Team didn't pass the validation test.
Line # 101 of Players CSV file was not imported. Team didn't pass the validation test.
Line # 102 of Players CSV file was not imported. Team didn't pass the validation test.
Line # 103 of Players CSV file was not imported. Team didn't pass the validation test.
Line # 104 of Players CSV file was not imported. Team didn't pass the validation test.
Line # 105 of Players CSV file was not imported. Team didn't pass the validation test.
Line # 106 of Players CSV file was not imported. Team didn't pass the validation test.
Line # 107 of Players CSV file was not imported. Team didn't pass the validation test.
Line # 108 of Players CSV file was not imported. Team didn't pass the validation test.
Line # 109 of Players CSV file was not imported. Team didn't pass the validation test.
Line # 110 of Players CSV file was not imported. Team didn't pass the validation test.
Line # 111 of Players CSV file was not imported. Team didn't pass the validation test.
Line # 112 of Players CSV file was not imported. Team didn't pass the validation test.
Line # 113 of Players CSV file was not imported. Team didn't pass the validation test.
Line # 114 of Players CSV file was not imported. Team didn't pass the validation test.
Line # 115 of Players CSV file was not imported. Team didn't pass the validation test.
Line # 116 of Players CSV file was not imported. Team didn't pass the validation test.
Line # 117 of Players CSV file was not imported. Team didn't pass the validation test.
Line # 118 of Players CSV file was not imported. Team didn't pass the validation test.
Line # 119 of Players CSV file was not imported. Team didn't pass the validation test.
Line # 120 of Players CSV file was not imported. Team didn't pass the validation test.
Line # 121 of Players CSV file was not imported. Team didn't pass the validation test.
Line # 122 of Players CSV file was not imported. Team didn't pass the validation test.
Line # 123 of Players CSV file was not imported. Team didn't pass the validation test.
Line # 124 of Players CSV file was not imported. Team didn't pass the validation test.
Line # 125 of Players CSV file was not imported. Team didn't pass the validation test.
Line # 126 of Players CSV file was not imported. Team didn't pass the validation test.
Line # 127 of Players CSV file was not imported. Team didn't pass the validation test.
Line # 128 of Players CSV file was not imported. Team didn't pass the validation test.
Line # 129 of Players CSV file was not imported. Team didn't pass the validation test.
Line # 130 of Players CSV file was not imported. Team didn't pass the validation test.
Line # 131 of Players CSV file was not imported. Team didn't pass the validation test.
Line # 132 of Players CSV file was not imported. Team didn't pass the validation test.
Line # 133 of Players CSV file was not imported. Team didn't pass the validation test.
Line # 134 of Players CSV file was not imported. Team didn't pass the validation test.
Line # 135 of Players CSV file was not imported. Team didn't pass the validation test.
Line # 136 of Players CSV file was not imported. Team didn't pass the validation test.
Line # 137 of Players CSV file was not imported. Team didn't pass the validation test.
Line # 138 of Players CSV file was not imported. Team didn't pass the validation test.
Line # 139 of Players CSV file was not imported. Team didn't pass the validation test.
Line # 140 of Players CSV file was not imported. Team didn't pass the validation test.
Line # 141 of Players CSV file was not imported. Team didn't pass the validation test.
Line # 142 of Players CSV file was not imported. Team didn't pass the validation test.
Line # 143 of Players CSV file was not imported. Team didn't pass the validation test.
Line # 144 of Players CSV file was not imported. Team didn't pass the validation test.
Line # 145 of Players CSV file was not imported. Team didn't pass the validation test.
Line # 146 of Players CSV file was not imported. Team didn't pass the validation test.
Line # 147 of Players CSV file was not imported. Team didn't pass the validation test.
Line # 148 of Players CSV file was not imported. Team didn't pass the validation test.
Line # 149 of Players CSV file was not imported. Team didn't pass the validation test.
Line # 150 of Players CSV file was not imported. Team didn't pass the validation test.
Line # 151 of Players CSV file was not imported. Team didn't pass the validation test.
Line # 152 of Players CSV file was not imported. Team didn't pass the validation test.
Line # 153 of Players CSV file was not imported. Team didn't pass the validation test.
Line # 154 of Players CSV file was not imported. Team didn't pass the validation test.
Line # 155 of Players CSV file was not imported. Team didn't pass the validation test.
Line # 156 of Players CSV file was not imported. Team didn't pass the validation test.
Line # 157 of Players CSV file was not imported. Team didn't pass the validation test.
Line # 158 of Players CSV file was not imported. Team didn't pass the validation test.
Line # 159 of Players CSV file was not imported. Team didn't pass the validation test.
Line # 160 of Players CSV file was not imported. Team didn't pass the validation test.
Line # 161 of Players CSV file was not imported. Team didn't pass the validation test.
Line # 162 of Players CSV file was not imported. Team didn't pass the validation test.
Line # 163 of Players CSV file was not imported. Team didn't pass the validation test.
Line # 164 of Players CSV file was not imported. Team didn't pass the validation test.
Line # 165 of Players CSV file was not imported. Team didn't pass the validation test.
Line # 166 of Players CSV file was not imported. Team didn't pass the validation test.
Line # 167 of Players CSV file was not imported. Team didn't pass the validation test.
Line # 168 of Players CSV file was not imported. Team didn't pass the validation test.
Line # 169 of Players CSV file was not imported. Team didn't pass the validation test.
Line # 170 of Players CSV file was not imported. Team didn't pass the validation test.
Line # 171 of Players CSV file was not imported. Team didn't pass the validation test.
Line # 172 of Players CSV file was not imported. Team didn't pass the validation test.
Line # 173 of Players CSV file was not imported. Team didn't pass the validation test.
Line # 174 of Players CSV file was not imported. Team didn't pass the validation test.
Line # 175 of Players CSV file was not imported. Team didn't pass the validation test.
Line # 176 of Players CSV file was not imported. Team didn't pass the validation test.
Line # 177 of Players CSV file was not imported. Team didn't pass the validation test.
Line # 178 of Players CSV file was not imported. Team didn't pass the validation test.
Line # 179 of Players CSV file was not imported. Team didn't pass the validation test.
Line # 180 of Players CSV file was not imported. Team didn't pass the validation test.
Line # 181 of Players CSV file was not imported. Team didn't pass the validation test.
Line # 182 of Players CSV file was not imported. Team didn't pass the validation test.
Line # 183 of Players CSV file was not imported. Team didn't pass the validation test.
Line # 184 of Players CSV file was not imported. Team didn't pass the validation test.
V2 Players Import Done at 10/16/2019 3:20:38 PM
Line # 19 of Player CSV file was not imported. MonthBorn field didn't pass the validation test.
Line # 20 of Player CSV file was not imported. MonthBorn field didn't pass the validation test.
Line # 21 of Player CSV file was not imported. MonthBorn field didn't pass the validation test.
V2 Players Import Done at 10/16/2019 3:28:46 PM
You have 2 players with the name Alex Winters
You have 2 players with the name Alexander Zajac
You have 2 players with the name Andrej Doskocil
You have 2 players with the name Aron Hernadivic
You have 2 players with the name Aviad Ratzon
You have 2 players with the name Barak Obrana
You have 2 players with the name Barret McCarthy
You have 2 players with the name Bernik Vrzala
You have 2 players with the name Boruvka Banananak
You have 2 players with the name Brady McIntyre
You have 2 players with the name Cameron Urbowicz
You have 2 players with the name Charlie Schieck
You have 2 players with the name Chris Partridge
You have 2 players with the name David Kastrba
You have 2 players with the name David Vent
You have 2 players with the name DeMaricus Smyth
You have 2 players with the name Dionyz Vyskoc
You have 2 players with the name Jakub Novak
Line # 29 of Player CSV file was not imported. Name field didn't pass the validation test.
You have 2 players with the name Johnny Yuma
20 Player(s) on 63 were not imported correctly!
V2 Players Import Done at 10/16/2019 3:29:44 PM
You have 2 players with the name Alex Winters
You have 2 players with the name Alexander Zajac
You have 2 players with the name Andrej Doskocil
You have 2 players with the name Aron Hernadivic
You have 2 players with the name Aviad Ratzon
You have 2 players with the name Barak Obrana
You have 2 players with the name Barret McCarthy
You have 2 players with the name Bernik Vrzala
You have 2 players with the name Boruvka Banananak
You have 2 players with the name Brady McIntyre
You have 2 players with the name Cameron Urbowicz
You have 2 players with the name Charlie Schieck
You have 2 players with the name Chris Partridge
You have 2 players with the name David Kastrba
You have 2 players with the name David Vent
You have 2 players with the name DeMaricus Smyth
You have 2 players with the name Dionyz Vyskoc
You have 2 players with the name Filip Zadina
You have 2 players with the name Izem Abioye
You have 2 players with the name Jakob Hamr
You have 2 players with the name Jakub Novak
You have 2 players with the name Jan Zacha
You have 2 players with the name Johnny Yuma
You have 2 players with the name Josef Kubinec
You have 2 players with the name Josef Novotny
You have 2 players with the name Kornel Kasparek
You have 2 players with the name Luke Thomason
Line # 29 of Player CSV file was not imported. Name field didn't pass the validation test.
You have 2 players with the name Marian Potoczny
You have 2 players with the name Matej Elias
You have 2 players with the name Michael Scarn
You have 2 players with the name Mikas Bieksa
You have 2 players with the name Nico Gross
You have 2 players with the name Noctis Caelum
You have 2 players with the name Petr Mikulak
You have 2 players with the name Petr Vrana
You have 2 players with the name Pierre-Luc Laflamme
You have 2 players with the name Piotr Czerkawski
You have 2 players with the name Potato Chips
You have 2 players with the name Przemyslaw Brzeszczyczkiewicz
You have 2 players with the name Radovan Hudec
You have 2 players with the name Ravyn Tedisko
You have 2 players with the name Samee Iqbal
You have 2 players with the name Schnitinfritz Jagr
You have 2 players with the name Sean Stevenson Jr.
You have 2 players with the name Shouta Aizawa
You have 2 players with the name Slappy McDoodle
You have 2 players with the name Soren Kierkegaard
You have 2 players with the name Tauras Karazija
You have 2 players with the name Tokek Takshak
You have 2 players with the name Travis Jeziak
You have 2 players with the name Troy McClure III
You have 2 players with the name Ty Justice
You have 2 players with the name Zalleras Szlerchek
You have 2 players with the name Zivan Zidek
You have 2 players with the name Mike Verminski
You have 2 players with the name Johnny Yuma
You have 2 players with the name Ben Holtby
You have 2 players with the name Georgette Pel
You have 2 players with the name Christoffer Bjornsson
You have 2 players with the name Flash Gordon
You have 2 players with the name Knox Booth
You have 2 players with the name Sasha Dangelchek
63 Player(s) on 63 were not imported correctly!
V1 Players Import Done at 10/16/2019 3:30:49 PM
Line # 2 of Player CSV file was not imported. Name field didn't pass the validation test.
Line # 3 of Player CSV file was not imported. Name field didn't pass the validation test.
Line # 4 of Player CSV file was not imported. Name field didn't pass the validation test.
Line # 5 of Player CSV file was not imported. Name field didn't pass the validation test.
Line # 6 of Player CSV file was not imported. Position field didn't pass the validation test.
Line # 7 of Player CSV file was not imported. Name field didn't pass the validation test.
Line # 8 of Player CSV file was not imported. Name field didn't pass the validation test.
Line # 9 of Player CSV file was not imported. Name field didn't pass the validation test.
Line # 10 of Player CSV file was not imported. Name field didn't pass the validation test.
Line # 11 of Player CSV file was not imported. Name field didn't pass the validation test.
Line # 12 of Player CSV file was not imported. Name field didn't pass the validation test.
Line # 13 of Player CSV file was not imported. Name field didn't pass the validation test.
Line # 14 of Player CSV file was not imported. Name field didn't pass the validation test.
Line # 15 of Player CSV file was not imported. Name field didn't pass the validation test.
Line # 16 of Player CSV file was not imported. Name field didn't pass the validation test.
Line # 17 of Player CSV file was not imported. Name field didn't pass the validation test.
Line # 18 of Player CSV file was not imported. Name field didn't pass the validation test.
Line # 19 of Player CSV file was not imported. Name field didn't pass the validation test.
Line # 20 of Player CSV file was not imported. Name field didn't pass the validation test.
Line # 21 of Player CSV file was not imported. Name field didn't pass the validation test.
Line # 22 of Player CSV file was not imported. Name field didn't pass the validation test.
Line # 23 of Player CSV file was not imported. Position field didn't pass the validation test.
Line # 24 of Player CSV file was not imported. Name field didn't pass the validation test.
Line # 25 of Player CSV file was not imported. Name field didn't pass the validation test.
Line # 26 of Player CSV file was not imported. Name field didn't pass the validation test.
Line # 27 of Player CSV file was not imported. Name field didn't pass the validation test.
Line # 28 of Player CSV file was not imported. Name field didn't pass the validation test.
Line # 29 of Player CSV file was not imported. Position field didn't pass the validation test.
Line # 30 of Player CSV file was not imported. Name field didn't pass the validation test.
Line # 31 of Player CSV file was not imported. Name field didn't pass the validation test.
Line # 32 of Player CSV file was not imported. Name field didn't pass the validation test.
Line # 33 of Player CSV file was not imported. Name field didn't pass the validation test.
Line # 34 of Player CSV file was not imported. Position field didn't pass the validation test.
Line # 35 of Player CSV file was not imported. Name field didn't pass the validation test.
Line # 36 of Player CSV file was not imported. Name field didn't pass the validation test.
Line # 37 of Player CSV file was not imported. Name field didn't pass the validation test.
Line # 38 of Player CSV file was not imported. Name field didn't pass the validation test.
Line # 39 of Player CSV file was not imported. Name field didn't pass the validation test.
Line # 40 of Player CSV file was not imported. Name field didn't pass the validation test.
Line # 41 of Player CSV file was not imported. Name field didn't pass the validation test.
Line # 42 of Player CSV file was not imported. Name field didn't pass the validation test.
Line # 43 of Player CSV file was not imported. Name field didn't pass the validation test.
Line # 44 of Player CSV file was not imported. Name field didn't pass the validation test.
Line # 45 of Player CSV file was not imported. Name field didn't pass the validation test.
Line # 46 of Player CSV file was not imported. Name field didn't pass the validation test.
Line # 47 of Player CSV file was not imported. Name field didn't pass the validation test.
Line # 48 of Player CSV file was not imported. Name field didn't pass the validation test.
Line # 49 of Player CSV file was not imported. Name field didn't pass the validation test.
Line # 50 of Player CSV file was not imported. Name field didn't pass the validation test.
Line # 51 of Player CSV file was not imported. Position field didn't pass the validation test.
Line # 52 of Player CSV file was not imported. Name field didn't pass the validation test.
Line # 53 of Player CSV file was not imported. Name field didn't pass the validation test.
Line # 54 of Player CSV file was not imported. Name field didn't pass the validation test.
Line # 55 of Player CSV file was not imported. Name field didn't pass the validation test.
Line # 56 of Player CSV file was not imported. Name field didn't pass the validation test.
Line # 57 of Player CSV file was not imported. Age field didn't pass the validation test.
Line # 58 of Player CSV file was not imported. Name field didn't pass the validation test.
Line # 59 of Player CSV file was not imported. Name field didn't pass the validation test.
Line # 60 of Player CSV file was not imported. Name field didn't pass the validation test.
Line # 61 of Player CSV file was not imported. Name field didn't pass the validation test.
Line # 62 of Player CSV file was not imported. Position field didn't pass the validation test.
Line # 63 of Player CSV file was not imported. Name field didn't pass the validation test.
Line # 64 of Player CSV file was not imported. Name field didn't pass the validation test.
Line # 65 of Player CSV file was not imported. Name field didn't pass the validation test.
Line # 66 of Player CSV file was not imported. Name field didn't pass the validation test.
Line # 67 of Player CSV file was not imported. Name field didn't pass the validation test.
Line # 68 of Player CSV file was not imported. Name field didn't pass the validation test.
Line # 69 of Player CSV file was not imported. Name field didn't pass the validation test.
Line # 70 of Player CSV file was not imported. Name field didn't pass the validation test.
Line # 71 of Player CSV file was not imported. Name field didn't pass the validation test.
Line # 72 of Player CSV file was not imported. Name field didn't pass the validation test.
Line # 73 of Player CSV file was not imported. Name field didn't pass the validation test.
Line # 74 of Player CSV file was not imported. Name field didn't pass the validation test.
Line # 75 of Player CSV file was not imported. Name field didn't pass the validation test.
Line # 76 of Player CSV file was not imported. Name field didn't pass the validation test.
Line # 77 of Player CSV file was not imported. Name field didn't pass the validation test.
Line # 78 of Player CSV file was not imported. Unknown field didn't pass the validation test.
77 Player(s) on 77 were not imported correctly!
V2 Players Import Done at 10/16/2019 3:31:22 PM
V2 Players Import Done at 10/16/2019 3:32:03 PM
You have 2 players with the name Alex Winters
You have 2 players with the name Alexander Zajac
You have 2 players with the name Andrej Doskocil
You have 2 players with the name Aron Hernadivic
You have 2 players with the name Aviad Ratzon
You have 2 players with the name Barak Obrana
You have 2 players with the name Barret McCarthy
You have 2 players with the name Bernik Vrzala
You have 2 players with the name Boruvka Banananak
You have 2 players with the name Brady McIntyre
You have 2 players with the name Cameron Urbowicz
You have 2 players with the name Charlie Schieck
You have 2 players with the name Chris Partridge
You have 2 players with the name David Kastrba
You have 2 players with the name David Vent
You have 2 players with the name DeMaricus Smyth
You have 2 players with the name Dionyz Vyskoc
You have 2 players with the name Filip Zadina
You have 2 players with the name Izem Abioye
You have 2 players with the name Jakob Hamr
You have 2 players with the name Jakub Novak
You have 2 players with the name Johnny Yuma
22 Player(s) on 63 were not imported correctly!
V2 Players Import Done at 10/16/2019 3:33:01 PM
You have 2 players with the name Johnny Yuma
1 Player(s) on 63 were not imported correctly!
V2 Players Import Done at 10/16/2019 3:45:46 PM
You have 2 players with the name Johnny Yuma
Line # 46 of Player CSV file was not imported. YearBorn field didn't pass the validation test.
2 Player(s) on 64 were not imported correctly!
V2 Players Import Done at 10/16/2019 3:46:26 PM
You have 2 players with the name Johnny Yuma
1 Player(s) on 64 were not imported correctly!
V2 Players Import Done at 10/16/2019 3:55:25 PM
You have 2 players with the name Johnny Yuma
1 Player(s) on 64 were not imported correctly!
V2 Players Import Done at 10/26/2019 3:07:54 PM
You have 2 players with the name Johnny Yuma
1 Player(s) on 79 were not imported correctly!
V2 Players Import Done at 11/1/2019 4:39:51 PM
All Player(s) were imported correctly!
V2 Players Import Done at 11/1/2019 4:40:08 PM
All Player(s) were imported correctly!
V2 Players Import Done at 11/1/2019 4:50:40 PM
All Player(s) were imported correctly!
V2 Players Import Done at 11/1/2019 4:51:52 PM
All Player(s) were imported correctly!
V2 Players Import Done at 11/2/2019 1:45:50 PM
All Player(s) were imported correctly!
Line # 1 of Players CSV file was not imported. Team didn't pass the validation test.
Line # 2 of Players CSV file was not imported. Team didn't pass the validation test.
Line # 3 of Players CSV file was not imported. Team didn't pass the validation test.
Line # 4 of Players CSV file was not imported. Team didn't pass the validation test.
Line # 5 of Players CSV file was not imported. Team didn't pass the validation test.
Line # 6 of Players CSV file was not imported. Team didn't pass the validation test.
Line # 7 of Players CSV file was not imported. Team didn't pass the validation test.
Line # 8 of Players CSV file was not imported. Team didn't pass the validation test.
Line # 9 of Players CSV file was not imported. Team didn't pass the validation test.
Line # 10 of Players CSV file was not imported. Team didn't pass the validation test.
Line # 11 of Players CSV file was not imported. Team didn't pass the validation test.
Line # 12 of Players CSV file was not imported. Team didn't pass the validation test.
Line # 13 of Players CSV file was not imported. Team didn't pass the validation test.
Line # 14 of Players CSV file was not imported. Team didn't pass the validation test.
Line # 15 of Players CSV file was not imported. Team didn't pass the validation test.
Line # 16 of Players CSV file was not imported. Team didn't pass the validation test.
Line # 17 of Players CSV file was not imported. Team didn't pass the validation test.
Line # 18 of Players CSV file was not imported. Team didn't pass the validation test.
Line # 19 of Players CSV file was not imported. Team didn't pass the validation test.
Line # 20 of Players CSV file was not imported. Team didn't pass the validation test.
Line # 21 of Players CSV file was not imported. Team didn't pass the validation test.
Line # 22 of Players CSV file was not imported. Team didn't pass the validation test.
Line # 23 of Players CSV file was not imported. Team didn't pass the validation test.
Line # 24 of Players CSV file was not imported. Team didn't pass the validation test.
Line # 25 of Players CSV file was not imported. Team didn't pass the validation test.
Line # 26 of Players CSV file was not imported. Team didn't pass the validation test.
Line # 27 of Players CSV file was not imported. Team didn't pass the validation test.
Line # 28 of Players CSV file was not imported. Team didn't pass the validation test.
Line # 29 of Players CSV file was not imported. Team didn't pass the validation test.
Line # 30 of Players CSV file was not imported. Team didn't pass the validation test.
Line # 31 of Players CSV file was not imported. Team didn't pass the validation test.
Line # 32 of Players CSV file was not imported. Team didn't pass the validation test.
Line # 33 of Players CSV file was not imported. Team didn't pass the validation test.
Line # 34 of Players CSV file was not imported. Team didn't pass the validation test.
Line # 35 of Players CSV file was not imported. Team didn't pass the validation test.
Line # 36 of Players CSV file was not imported. Team didn't pass the validation test.
Line # 37 of Players CSV file was not imported. Team didn't pass the validation test.
Line # 38 of Players CSV file was not imported. Team didn't pass the validation test.
Line # 39 of Players CSV file was not imported. Team didn't pass the validation test.
Line # 40 of Players CSV file was not imported. Team didn't pass the validation test.
40 Player(s) on 40 were not assigned to team!
Line # 1 of Players CSV file was not imported. Team didn't pass the validation test.
Line # 2 of Players CSV file was not imported. Team didn't pass the validation test.
Line # 3 of Players CSV file was not imported. Team didn't pass the validation test.
Line # 4 of Players CSV file was not imported. Team didn't pass the validation test.
Line # 5 of Players CSV file was not imported. Team didn't pass the validation test.
Line # 6 of Players CSV file was not imported. Team didn't pass the validation test.
Line # 7 of Players CSV file was not imported. Team didn't pass the validation test.
Line # 8 of Players CSV file was not imported. Team didn't pass the validation test.
Line # 9 of Players CSV file was not imported. Team didn't pass the validation test.
Line # 10 of Players CSV file was not imported. Team didn't pass the validation test.
Line # 11 of Players CSV file was not imported. Team didn't pass the validation test.
Line # 12 of Players CSV file was not imported. Team didn't pass the validation test.
Line # 13 of Players CSV file was not imported. Team didn't pass the validation test.
Line # 14 of Players CSV file was not imported. Team didn't pass the validation test.
Line # 15 of Players CSV file was not imported. Team didn't pass the validation test.
Line # 16 of Players CSV file was not imported. Team didn't pass the validation test.
Line # 17 of Players CSV file was not imported. Team didn't pass the validation test.
Line # 18 of Players CSV file was not imported. Team didn't pass the validation test.
Line # 19 of Players CSV file was not imported. Team didn't pass the validation test.
Line # 20 of Players CSV file was not imported. Team didn't pass the validation test.
Line # 21 of Players CSV file was not imported. Team didn't pass the validation test.
Line # 22 of Players CSV file was not imported. Team didn't pass the validation test.
Line # 23 of Players CSV file was not imported. Team didn't pass the validation test.
Line # 24 of Players CSV file was not imported. Team didn't pass the validation test.
Line # 25 of Players CSV file was not imported. Team didn't pass the validation test.
Line # 26 of Players CSV file was not imported. Team didn't pass the validation test.
Line # 27 of Players CSV file was not imported. Team didn't pass the validation test.
Line # 28 of Players CSV file was not imported. Team didn't pass the validation test.
Line # 29 of Players CSV file was not imported. Team didn't pass the validation test.
Line # 30 of Players CSV file was not imported. Team didn't pass the validation test.
Line # 31 of Players CSV file was not imported. Team didn't pass the validation test.
Line # 32 of Players CSV file was not imported. Team didn't pass the validation test.
Line # 33 of Players CSV file was not imported. Team didn't pass the validation test.
Line # 34 of Players CSV file was not imported. Team didn't pass the validation test.
Line # 35 of Players CSV file was not imported. Team didn't pass the validation test.
Line # 36 of Players CSV file was not imported. Team didn't pass the validation test.
Line # 37 of Players CSV file was not imported. Team didn't pass the validation test.
Line # 38 of Players CSV file was not imported. Team didn't pass the validation test.
Line # 39 of Players CSV file was not imported. Team didn't pass the validation test.
Line # 40 of Players CSV file was not imported. Team didn't pass the validation test.
40 Player(s) on 40 were not assigned to team!
